<?xml version="1.0" encoding="UTF-8"?>
<!-- Generated by org.testng.reporters.JUnitXMLReporter -->
<testsuite ignored="0" hostname="Yashoda" failures="0" tests="15" name="Testedge" time="1182.137" errors="0" timestamp="2025-01-30T22:17:47 IST">
  <testcase classname="amazon_Project1.Project1_Amazon.TestCase9_AddtoCart" name="Addtocart" time="88.021"/>
  <testcase classname="amazon_Project1.Project1_Amazon.TestCase15_cartpagewithoutlogin" name="cartwitoutlogin" time="58.668"/>
  <testcase classname="amazon_Project1.Project1_Amazon.TestCase2_validcredentials" name="validcredential" time="15.668"/>
  <testcase classname="amazon_Project1.Project1_Amazon.TestCase4_ManageProfile" name="validcredential" time="4.362">
    <skipped/>
  </testcase> <!-- validcredential -->
  <testcase classname="amazon_Project1.Project1_Amazon.TestCase4_ManageProfile" name="validcredential" time="147.243"/>
  <testcase classname="amazon_Project1.Project1_Amazon.TestCase8_SortProduct" name="SortProduct" time="56.594"/>
  <testcase classname="amazon_Project1.Project1_Amazon.TestCase3_Invalicredentials" name="Invalidcredential" time="15.019"/>
  <testcase classname="amazon_Project1.Project1_Amazon.TestCase6_searchwithfilters" name="search_product" time="48.4"/>
  <testcase classname="amazon_Project1.Project1_Amazon.TestCase14_ratings" name="orderandreturn" time="23.122"/>
  <testcase classname="amazon_Project1.Project1_Amazon.TestCase5_Searchproduct" name="search_product" time="19.499"/>
  <testcase classname="amazon_Project1.Project1_Amazon.TestCase12_Payment" name="payment" time="81.958">
    <skipped/>
  </testcase> <!-- payment -->
  <testcase classname="amazon_Project1.Project1_Amazon.TestCase12_Payment" name="payment" time="64.758"/>
  <testcase classname="amazon_Project1.Project1_Amazon.TestCase10_Updatingproductandremove" name="addtocart_logout" time="58.179"/>
  <testcase classname="amazon_Project1.Project1_Amazon.TestCase11_CheckoutProcess" name="login_cart_logout1" time="115.176"/>
  <testcase classname="amazon_Project1.Project1_Amazon.TestCase7_Verifythedetails" name="prodcutdetailpage" time="31.402"/>
</testsuite> <!-- Testedge -->
