<?xml version="1.0" encoding="UTF-8"?>
<!-- Generated by org.testng.reporters.JUnitXMLReporter -->
<testsuite ignored="0" hostname="Yashoda" failures="0" tests="13" name="Testchrome" time="665.223" errors="0" timestamp="2025-02-03T23:40:12 IST">
  <testcase classname="amazon_Project1.Project1_Amazon.TestCase9_AddtoCart" name="Addtocart" time="30.238"/>
  <testcase classname="amazon_Project1.Project1_Amazon.TestCase15_cartpagewithoutlogin" name="cartwitoutlogin" time="28.683"/>
  <testcase classname="amazon_Project1.Project1_Amazon.TestCase2_validcredentials" name="validcredential" time="21.074"/>
  <testcase classname="amazon_Project1.Project1_Amazon.TestCase4_ManageProfile" name="validcredential" time="24.289"/>
  <testcase classname="amazon_Project1.Project1_Amazon.TestCase8_SortProduct" name="SortProduct" time="32.589"/>
  <testcase classname="amazon_Project1.Project1_Amazon.TestCase3_Invalicredentials" name="Invalidcredential" time="16.207"/>
  <testcase classname="amazon_Project1.Project1_Amazon.TestCase6_searchwithfilters" name="search_product" time="61.298"/>
  <testcase classname="amazon_Project1.Project1_Amazon.TestCase14_ratings" name="orderandreturn" time="27.026"/>
  <testcase classname="amazon_Project1.Project1_Amazon.TestCase5_Searchproduct" name="search_product" time="19.521"/>
  <testcase classname="amazon_Project1.Project1_Amazon.TestCase12_Payment" name="payment" time="64.904"/>
  <testcase classname="amazon_Project1.Project1_Amazon.TestCase10_Updatingproductandremove" name="addtocart_logout" time="55.47"/>
  <testcase classname="amazon_Project1.Project1_Amazon.TestCase11_CheckoutProcess" name="login_cart_logout1" time="75.011"/>
  <testcase classname="amazon_Project1.Project1_Amazon.TestCase7_Verifythedetails" name="prodcutdetailpage" time="33.762"/>
</testsuite> <!-- Testchrome -->
